2025-11-24 12:44:01,559 INFO o.a.j.u.JMeterUtils: Setting Locale to en_EN
2025-11-24 12:44:01,572 INFO o.a.j.JMeter: Loading user properties from: /opt/homebrew/Cellar/jmeter/5.6.3/libexec/bin/user.properties
2025-11-24 12:44:01,572 INFO o.a.j.JMeter: Loading system properties from: /opt/homebrew/Cellar/jmeter/5.6.3/libexec/bin/system.properties
2025-11-24 12:44:01,575 INFO o.a.j.JMeter: Copyright (c) 1998-2024 The Apache Software Foundation
2025-11-24 12:44:01,575 INFO o.a.j.JMeter: Version 5.6.3
2025-11-24 12:44:01,575 INFO o.a.j.JMeter: java.version=21.0.9
2025-11-24 12:44:01,575 INFO o.a.j.JMeter: java.vm.name=OpenJDK 64-Bit Server VM
2025-11-24 12:44:01,575 INFO o.a.j.JMeter: os.name=Mac OS X
2025-11-24 12:44:01,575 INFO o.a.j.JMeter: os.arch=aarch64
2025-11-24 12:44:01,575 INFO o.a.j.JMeter: os.version=15.6.1
2025-11-24 12:44:01,575 INFO o.a.j.JMeter: file.encoding=UTF-8
2025-11-24 12:44:01,576 INFO o.a.j.JMeter: java.awt.headless=true
2025-11-24 12:44:01,576 INFO o.a.j.JMeter: Max memory     =1073741824
2025-11-24 12:44:01,576 INFO o.a.j.JMeter: Available Processors =8
2025-11-24 12:44:01,581 INFO o.a.j.JMeter: Default Locale=English (EN)
2025-11-24 12:44:01,582 INFO o.a.j.JMeter: JMeter  Locale=English (EN)
2025-11-24 12:44:01,582 INFO o.a.j.JMeter: JMeterHome=/opt/homebrew/Cellar/jmeter/5.6.3/libexec
2025-11-24 12:44:01,582 INFO o.a.j.JMeter: user.dir  =/Users/jsb/hanghe-plus/ecommerce/docs/week5/verification/jmeter
2025-11-24 12:44:01,582 INFO o.a.j.JMeter: PWD       =/Users/jsb/hanghe-plus/ecommerce/docs/week5/verification/jmeter
2025-11-24 12:44:01,584 INFO o.a.j.JMeter: IP: 127.0.0.1 Name: bakjisuui-MacBookPro.local FullName: localhost
2025-11-24 12:44:01,592 INFO o.a.j.JMeter: Setting property 'jmeter.reportgenerator.outputdir' to:'/Users/jsb/hanghe-plus/ecommerce/docs/week5/verification/jmeter/reports/after/balance-charge'
2025-11-24 12:44:01,593 INFO o.a.j.s.FileServer: Default base='/Users/jsb/hanghe-plus/ecommerce/docs/week5/verification/jmeter'
2025-11-24 12:44:01,594 INFO o.a.j.s.FileServer: Set new base='/Users/jsb/hanghe-plus/ecommerce/docs/week5/verification/jmeter/testplans'
2025-11-24 12:44:01,705 INFO o.a.j.s.SaveService: Testplan (JMX) version: 2.2. Testlog (JTL) version: 2.2
2025-11-24 12:44:01,733 INFO o.a.j.s.SaveService: Using SaveService properties version 5.0
2025-11-24 12:44:01,735 INFO o.a.j.s.SaveService: Using SaveService properties file encoding UTF-8
2025-11-24 12:44:01,736 INFO o.a.j.s.SaveService: Loading file: testplans/balance-charge.jmx
2025-11-24 12:44:01,779 INFO o.a.j.p.h.s.HTTPSamplerBase: Parser for text/html is org.apache.jmeter.protocol.http.parser.LagartoBasedHtmlParser
2025-11-24 12:44:01,779 INFO o.a.j.p.h.s.HTTPSamplerBase: Parser for application/xhtml+xml is org.apache.jmeter.protocol.http.parser.LagartoBasedHtmlParser
2025-11-24 12:44:01,779 INFO o.a.j.p.h.s.HTTPSamplerBase: Parser for application/xml is org.apache.jmeter.protocol.http.parser.LagartoBasedHtmlParser
2025-11-24 12:44:01,779 INFO o.a.j.p.h.s.HTTPSamplerBase: Parser for text/xml is org.apache.jmeter.protocol.http.parser.LagartoBasedHtmlParser
2025-11-24 12:44:01,779 INFO o.a.j.p.h.s.HTTPSamplerBase: Parser for text/vnd.wap.wml is org.apache.jmeter.protocol.http.parser.RegexpHTMLParser
2025-11-24 12:44:01,779 INFO o.a.j.p.h.s.HTTPSamplerBase: Parser for text/css is org.apache.jmeter.protocol.http.parser.CssParser
2025-11-24 12:44:01,798 INFO o.a.j.JMeter: Creating summariser <summary>
2025-11-24 12:44:01,800 INFO o.a.j.r.d.ReportGenerator: ReportGenerator will use for Parsing the separator: ','
2025-11-24 12:44:01,801 INFO o.a.j.r.d.ReportGenerator: Will generate report at end of test from  results file: results/after/balance-charge-results.jtl
2025-11-24 12:44:01,801 INFO o.a.j.r.d.ReportGenerator: Reading report generator properties from: /opt/homebrew/Cellar/jmeter/5.6.3/libexec/bin/reportgenerator.properties
2025-11-24 12:44:01,801 INFO o.a.j.r.d.ReportGenerator: Merging with JMeter properties
2025-11-24 12:44:01,804 INFO o.a.j.r.c.ReportGeneratorConfiguration: Property 'jmeter.reportgenerator.temp_dir' not found, using default value 'temp' instead.
2025-11-24 12:44:01,805 INFO o.a.j.r.c.ReportGeneratorConfiguration: Property 'jmeter.reportgenerator.apdex_per_transaction' not found, using default value 'null' instead.
2025-11-24 12:44:01,805 INFO o.a.j.r.c.ReportGeneratorConfiguration: apdex_per_transaction is empty, not APDEX per transaction customization
2025-11-24 12:44:01,805 INFO o.a.j.r.c.ReportGeneratorConfiguration: Property 'jmeter.reportgenerator.sample_filter' not found, using default value 'null' instead.
2025-11-24 12:44:01,805 INFO o.a.j.r.c.ReportGeneratorConfiguration: Property 'jmeter.reportgenerator.report_title' not found, using default value 'null' instead.
2025-11-24 12:44:01,805 INFO o.a.j.r.c.ReportGeneratorConfiguration: Property 'jmeter.reportgenerator.start_date' not found, using default value 'null' instead.
2025-11-24 12:44:01,805 INFO o.a.j.r.c.ReportGeneratorConfiguration: Property 'jmeter.reportgenerator.end_date' not found, using default value 'null' instead.
2025-11-24 12:44:01,805 INFO o.a.j.r.c.ReportGeneratorConfiguration: Property 'jmeter.reportgenerator.date_format' not found, using default value 'null' instead.
2025-11-24 12:44:01,806 INFO o.a.j.r.c.ReportGeneratorConfiguration: Will use date range start date: null, end date: null
2025-11-24 12:44:01,808 INFO o.a.j.r.c.ReportGeneratorConfiguration: Property 'jmeter.reportgenerator.graph.totalTPS.exclude_controllers' not found, using default value 'false' instead.
2025-11-24 12:44:01,808 INFO o.a.j.r.c.ReportGeneratorConfiguration: Property 'jmeter.reportgenerator.graph.activeThreadsOverTime.exclude_controllers' not found, using default value 'false' instead.
2025-11-24 12:44:01,808 INFO o.a.j.r.c.ReportGeneratorConfiguration: Property 'jmeter.reportgenerator.graph.timeVsThreads.exclude_controllers' not found, using default value 'false' instead.
2025-11-24 12:44:01,808 INFO o.a.j.r.c.ReportGeneratorConfiguration: Property 'jmeter.reportgenerator.graph.responseTimeDistribution.exclude_controllers' not found, using default value 'false' instead.
2025-11-24 12:44:01,808 INFO o.a.j.r.c.ReportGeneratorConfiguration: Property 'jmeter.reportgenerator.graph.transactionsPerSecond.exclude_controllers' not found, using default value 'false' instead.
2025-11-24 12:44:01,808 INFO o.a.j.r.c.ReportGeneratorConfiguration: Property 'jmeter.reportgenerator.graph.responseTimePercentiles.exclude_controllers' not found, using default value 'false' instead.
2025-11-24 12:44:01,808 INFO o.a.j.r.c.ReportGeneratorConfiguration: Property 'jmeter.reportgenerator.graph.responseTimePercentilesOverTime.exclude_controllers' not found, using default value 'false' instead.
2025-11-24 12:44:01,808 INFO o.a.j.r.c.ReportGeneratorConfiguration: Property 'jmeter.reportgenerator.graph.responseTimesOverTime.exclude_controllers' not found, using default value 'false' instead.
2025-11-24 12:44:01,809 INFO o.a.j.r.c.ReportGeneratorConfiguration: Property 'jmeter.reportgenerator.graph.connectTimeOverTime.exclude_controllers' not found, using default value 'false' instead.
2025-11-24 12:44:01,809 INFO o.a.j.r.c.ReportGeneratorConfiguration: Property 'jmeter.reportgenerator.graph.latenciesOverTime.exclude_controllers' not found, using default value 'false' instead.
2025-11-24 12:44:01,809 INFO o.a.j.r.c.ReportGeneratorConfiguration: Property 'jmeter.reportgenerator.exporter.json.filters_only_sample_series' not found, using default value 'true' instead.
2025-11-24 12:44:01,809 INFO o.a.j.r.c.ReportGeneratorConfiguration: Property 'jmeter.reportgenerator.exporter.json.series_filter' not found, using default value '' instead.
2025-11-24 12:44:01,809 INFO o.a.j.r.c.ReportGeneratorConfiguration: Property 'jmeter.reportgenerator.exporter.json.show_controllers_only' not found, using default value 'false' instead.
2025-11-24 12:44:01,809 INFO o.a.j.r.c.ReportGeneratorConfiguration: Property 'jmeter.reportgenerator.exporter.html.filters_only_sample_series' not found, using default value 'true' instead.
2025-11-24 12:44:01,809 INFO o.a.j.r.c.ReportGeneratorConfiguration: Property 'jmeter.reportgenerator.exporter.html.series_filter' not found, using default value '' instead.
2025-11-24 12:44:01,809 INFO o.a.j.r.c.ReportGeneratorConfiguration: Property 'jmeter.reportgenerator.exporter.html.show_controllers_only' not found, using default value 'false' instead.
2025-11-24 12:44:01,817 INFO o.a.j.e.StandardJMeterEngine: Running the test!
2025-11-24 12:44:01,817 INFO o.a.j.s.SampleEvent: List of sample_variables: []
2025-11-24 12:44:01,818 INFO o.a.j.s.SampleEvent: List of sample_variables: []
2025-11-24 12:44:01,820 INFO o.a.j.e.u.CompoundVariable: Note: Function class names must contain the string: '.functions.'
2025-11-24 12:44:01,820 INFO o.a.j.e.u.CompoundVariable: Note: Function class names must not contain the string: '.gui.'
2025-11-24 12:44:01,855 INFO o.a.j.r.ClassFinder: Will scan jar /opt/homebrew/Cellar/jmeter/5.6.3/libexec/lib/ext/jmeter-plugins-manager-1.9.jar with filter ExtendsClassFilter [parents=[interface org.apache.jmeter.functions.Function], inner=false, contains=null, notContains=null]. Consider exposing JMeter plugins via META-INF/services, and add JMeter-Skip-Class-Scanning=true manifest attribute so JMeter can skip classfile scanning
2025-11-24 12:44:01,913 INFO o.a.j.JMeter: Running test (1763955841913)
2025-11-24 12:44:01,927 INFO o.a.j.e.StandardJMeterEngine: Starting ThreadGroup: 1 : Concurrent Users
2025-11-24 12:44:01,927 INFO o.a.j.e.StandardJMeterEngine: Starting 100 threads for group Concurrent Users.
2025-11-24 12:44:01,927 INFO o.a.j.e.StandardJMeterEngine: Thread will continue on error
2025-11-24 12:44:01,927 INFO o.a.j.t.ThreadGroup: Starting thread group... number=1 threads=100 ramp-up=10 delayedStart=false
2025-11-24 12:44:01,931 INFO o.a.j.t.JMeterThread: Thread started: Concurrent Users 1-1
2025-11-24 12:44:01,941 INFO o.a.j.p.h.s.HTTPHCAbstractImpl: Local host = bakjisuui-MacBookPro.local
2025-11-24 12:44:01,945 INFO o.a.j.p.h.s.HTTPHC4Impl: HTTP request retry count = 0
2025-11-24 12:44:01,946 INFO o.a.j.s.SampleResult: Note: Sample TimeStamps are START times
2025-11-24 12:44:01,946 INFO o.a.j.t.ThreadGroup: Started thread group number 1
2025-11-24 12:44:01,946 INFO o.a.j.s.SampleResult: sampleresult.default.encoding is set to UTF-8
2025-11-24 12:44:01,946 INFO o.a.j.e.StandardJMeterEngine: All thread groups have been started
2025-11-24 12:44:01,946 INFO o.a.j.s.SampleResult: sampleresult.useNanoTime=true
2025-11-24 12:44:01,946 INFO o.a.j.s.SampleResult: sampleresult.nanoThreadSleep=5000
2025-11-24 12:44:02,033 INFO o.a.j.t.JMeterThread: Thread started: Concurrent Users 1-2
2025-11-24 12:44:02,035 INFO o.a.j.r.Summariser: summary +      1 in 00:00:00 =    8.2/s Avg:    50 Min:    50 Max:    50 Err:     0 (0.00%) Active: 2 Started: 2 Finished: 0
2025-11-24 12:44:02,035 INFO o.a.j.t.JMeterThread: Thread is done: Concurrent Users 1-1
2025-11-24 12:44:02,035 INFO o.a.j.t.JMeterThread: Thread finished: Concurrent Users 1-1
2025-11-24 12:44:02,047 INFO o.a.j.t.JMeterThread: Thread is done: Concurrent Users 1-2
2025-11-24 12:44:02,048 INFO o.a.j.t.JMeterThread: Thread finished: Concurrent Users 1-2
2025-11-24 12:44:02,130 INFO o.a.j.t.JMeterThread: Thread started: Concurrent Users 1-3
2025-11-24 12:44:02,146 INFO o.a.j.t.JMeterThread: Thread is done: Concurrent Users 1-3
2025-11-24 12:44:02,146 INFO o.a.j.t.JMeterThread: Thread finished: Concurrent Users 1-3
2025-11-24 12:44:02,233 INFO o.a.j.t.JMeterThread: Thread started: Concurrent Users 1-4
2025-11-24 12:44:02,249 INFO o.a.j.t.JMeterThread: Thread is done: Concurrent Users 1-4
2025-11-24 12:44:02,249 INFO o.a.j.t.JMeterThread: Thread finished: Concurrent Users 1-4
2025-11-24 12:44:02,329 INFO o.a.j.t.JMeterThread: Thread started: Concurrent Users 1-5
2025-11-24 12:44:02,343 INFO o.a.j.t.JMeterThread: Thread is done: Concurrent Users 1-5
2025-11-24 12:44:02,344 INFO o.a.j.t.JMeterThread: Thread finished: Concurrent Users 1-5
2025-11-24 12:44:02,431 INFO o.a.j.t.JMeterThread: Thread started: Concurrent Users 1-6
2025-11-24 12:44:02,451 INFO o.a.j.t.JMeterThread: Thread is done: Concurrent Users 1-6
2025-11-24 12:44:02,451 INFO o.a.j.t.JMeterThread: Thread finished: Concurrent Users 1-6
2025-11-24 12:44:02,532 INFO o.a.j.t.JMeterThread: Thread started: Concurrent Users 1-7
2025-11-24 12:44:02,548 INFO o.a.j.t.JMeterThread: Thread is done: Concurrent Users 1-7
2025-11-24 12:44:02,548 INFO o.a.j.t.JMeterThread: Thread finished: Concurrent Users 1-7
2025-11-24 12:44:02,634 INFO o.a.j.t.JMeterThread: Thread started: Concurrent Users 1-8
2025-11-24 12:44:02,673 INFO o.a.j.t.JMeterThread: Thread is done: Concurrent Users 1-8
2025-11-24 12:44:02,674 INFO o.a.j.t.JMeterThread: Thread finished: Concurrent Users 1-8
2025-11-24 12:44:02,733 INFO o.a.j.t.JMeterThread: Thread started: Concurrent Users 1-9
2025-11-24 12:44:02,773 INFO o.a.j.t.JMeterThread: Thread is done: Concurrent Users 1-9
2025-11-24 12:44:02,773 INFO o.a.j.t.JMeterThread: Thread finished: Concurrent Users 1-9
2025-11-24 12:44:02,832 INFO o.a.j.t.JMeterThread: Thread started: Concurrent Users 1-10
2025-11-24 12:44:02,857 INFO o.a.j.t.JMeterThread: Thread is done: Concurrent Users 1-10
2025-11-24 12:44:02,857 INFO o.a.j.t.JMeterThread: Thread finished: Concurrent Users 1-10
2025-11-24 12:44:02,933 INFO o.a.j.t.JMeterThread: Thread started: Concurrent Users 1-11
2025-11-24 12:44:02,968 INFO o.a.j.t.JMeterThread: Thread is done: Concurrent Users 1-11
2025-11-24 12:44:02,968 INFO o.a.j.t.JMeterThread: Thread finished: Concurrent Users 1-11
2025-11-24 12:44:03,032 INFO o.a.j.t.JMeterThread: Thread started: Concurrent Users 1-12
2025-11-24 12:44:03,063 INFO o.a.j.t.JMeterThread: Thread is done: Concurrent Users 1-12
2025-11-24 12:44:03,064 INFO o.a.j.t.JMeterThread: Thread finished: Concurrent Users 1-12
2025-11-24 12:44:03,130 INFO o.a.j.t.JMeterThread: Thread started: Concurrent Users 1-13
2025-11-24 12:44:03,163 INFO o.a.j.t.JMeterThread: Thread is done: Concurrent Users 1-13
2025-11-24 12:44:03,163 INFO o.a.j.t.JMeterThread: Thread finished: Concurrent Users 1-13
2025-11-24 12:44:03,232 INFO o.a.j.t.JMeterThread: Thread started: Concurrent Users 1-14
2025-11-24 12:44:03,263 INFO o.a.j.t.JMeterThread: Thread is done: Concurrent Users 1-14
2025-11-24 12:44:03,263 INFO o.a.j.t.JMeterThread: Thread finished: Concurrent Users 1-14
2025-11-24 12:44:03,332 INFO o.a.j.t.JMeterThread: Thread started: Concurrent Users 1-15
2025-11-24 12:44:03,357 INFO o.a.j.t.JMeterThread: Thread is done: Concurrent Users 1-15
2025-11-24 12:44:03,357 INFO o.a.j.t.JMeterThread: Thread finished: Concurrent Users 1-15
2025-11-24 12:44:03,433 INFO o.a.j.t.JMeterThread: Thread started: Concurrent Users 1-16
2025-11-24 12:44:03,452 INFO o.a.j.t.JMeterThread: Thread is done: Concurrent Users 1-16
2025-11-24 12:44:03,452 INFO o.a.j.t.JMeterThread: Thread finished: Concurrent Users 1-16
2025-11-24 12:44:03,532 INFO o.a.j.t.JMeterThread: Thread started: Concurrent Users 1-17
2025-11-24 12:44:03,555 INFO o.a.j.t.JMeterThread: Thread is done: Concurrent Users 1-17
2025-11-24 12:44:03,555 INFO o.a.j.t.JMeterThread: Thread finished: Concurrent Users 1-17
2025-11-24 12:44:03,632 INFO o.a.j.t.JMeterThread: Thread started: Concurrent Users 1-18
2025-11-24 12:44:03,663 INFO o.a.j.t.JMeterThread: Thread is done: Concurrent Users 1-18
2025-11-24 12:44:03,663 INFO o.a.j.t.JMeterThread: Thread finished: Concurrent Users 1-18
2025-11-24 12:44:03,730 INFO o.a.j.t.JMeterThread: Thread started: Concurrent Users 1-19
2025-11-24 12:44:03,758 INFO o.a.j.t.JMeterThread: Thread is done: Concurrent Users 1-19
2025-11-24 12:44:03,758 INFO o.a.j.t.JMeterThread: Thread finished: Concurrent Users 1-19
2025-11-24 12:44:03,832 INFO o.a.j.t.JMeterThread: Thread started: Concurrent Users 1-20
2025-11-24 12:44:03,851 INFO o.a.j.t.JMeterThread: Thread is done: Concurrent Users 1-20
2025-11-24 12:44:03,851 INFO o.a.j.t.JMeterThread: Thread finished: Concurrent Users 1-20
2025-11-24 12:44:03,933 INFO o.a.j.t.JMeterThread: Thread started: Concurrent Users 1-21
2025-11-24 12:44:03,962 INFO o.a.j.t.JMeterThread: Thread is done: Concurrent Users 1-21
2025-11-24 12:44:03,962 INFO o.a.j.t.JMeterThread: Thread finished: Concurrent Users 1-21
2025-11-24 12:44:04,032 INFO o.a.j.t.JMeterThread: Thread started: Concurrent Users 1-22
2025-11-24 12:44:04,062 INFO o.a.j.t.JMeterThread: Thread is done: Concurrent Users 1-22
2025-11-24 12:44:04,062 INFO o.a.j.t.JMeterThread: Thread finished: Concurrent Users 1-22
2025-11-24 12:44:04,131 INFO o.a.j.t.JMeterThread: Thread started: Concurrent Users 1-23
2025-11-24 12:44:04,151 INFO o.a.j.t.JMeterThread: Thread is done: Concurrent Users 1-23
2025-11-24 12:44:04,151 INFO o.a.j.t.JMeterThread: Thread finished: Concurrent Users 1-23
2025-11-24 12:44:04,232 INFO o.a.j.t.JMeterThread: Thread started: Concurrent Users 1-24
2025-11-24 12:44:04,254 INFO o.a.j.t.JMeterThread: Thread is done: Concurrent Users 1-24
2025-11-24 12:44:04,254 INFO o.a.j.t.JMeterThread: Thread finished: Concurrent Users 1-24
2025-11-24 12:44:04,332 INFO o.a.j.t.JMeterThread: Thread started: Concurrent Users 1-25
2025-11-24 12:44:04,367 INFO o.a.j.t.JMeterThread: Thread is done: Concurrent Users 1-25
2025-11-24 12:44:04,367 INFO o.a.j.t.JMeterThread: Thread finished: Concurrent Users 1-25
2025-11-24 12:44:04,429 INFO o.a.j.t.JMeterThread: Thread started: Concurrent Users 1-26
2025-11-24 12:44:04,453 INFO o.a.j.t.JMeterThread: Thread is done: Concurrent Users 1-26
2025-11-24 12:44:04,453 INFO o.a.j.t.JMeterThread: Thread finished: Concurrent Users 1-26
2025-11-24 12:44:04,532 INFO o.a.j.t.JMeterThread: Thread started: Concurrent Users 1-27
2025-11-24 12:44:04,558 INFO o.a.j.t.JMeterThread: Thread is done: Concurrent Users 1-27
2025-11-24 12:44:04,558 INFO o.a.j.t.JMeterThread: Thread finished: Concurrent Users 1-27
2025-11-24 12:44:04,632 INFO o.a.j.t.JMeterThread: Thread started: Concurrent Users 1-28
2025-11-24 12:44:04,666 INFO o.a.j.t.JMeterThread: Thread is done: Concurrent Users 1-28
2025-11-24 12:44:04,666 INFO o.a.j.t.JMeterThread: Thread finished: Concurrent Users 1-28
2025-11-24 12:44:04,732 INFO o.a.j.t.JMeterThread: Thread started: Concurrent Users 1-29
2025-11-24 12:44:04,757 INFO o.a.j.t.JMeterThread: Thread is done: Concurrent Users 1-29
2025-11-24 12:44:04,757 INFO o.a.j.t.JMeterThread: Thread finished: Concurrent Users 1-29
2025-11-24 12:44:04,832 INFO o.a.j.t.JMeterThread: Thread started: Concurrent Users 1-30
2025-11-24 12:44:04,867 INFO o.a.j.t.JMeterThread: Thread is done: Concurrent Users 1-30
2025-11-24 12:44:04,868 INFO o.a.j.t.JMeterThread: Thread finished: Concurrent Users 1-30
2025-11-24 12:44:04,933 INFO o.a.j.t.JMeterThread: Thread started: Concurrent Users 1-31
2025-11-24 12:44:04,964 INFO o.a.j.t.JMeterThread: Thread is done: Concurrent Users 1-31
2025-11-24 12:44:04,964 INFO o.a.j.t.JMeterThread: Thread finished: Concurrent Users 1-31
2025-11-24 12:44:05,034 INFO o.a.j.t.JMeterThread: Thread started: Concurrent Users 1-32
2025-11-24 12:44:05,067 INFO o.a.j.t.JMeterThread: Thread is done: Concurrent Users 1-32
2025-11-24 12:44:05,068 INFO o.a.j.t.JMeterThread: Thread finished: Concurrent Users 1-32
2025-11-24 12:44:05,130 INFO o.a.j.t.JMeterThread: Thread started: Concurrent Users 1-33
2025-11-24 12:44:05,165 INFO o.a.j.t.JMeterThread: Thread is done: Concurrent Users 1-33
2025-11-24 12:44:05,165 INFO o.a.j.t.JMeterThread: Thread finished: Concurrent Users 1-33
2025-11-24 12:44:05,231 INFO o.a.j.t.JMeterThread: Thread started: Concurrent Users 1-34
2025-11-24 12:44:05,269 INFO o.a.j.t.JMeterThread: Thread is done: Concurrent Users 1-34
2025-11-24 12:44:05,269 INFO o.a.j.t.JMeterThread: Thread finished: Concurrent Users 1-34
2025-11-24 12:44:05,331 INFO o.a.j.t.JMeterThread: Thread started: Concurrent Users 1-35
2025-11-24 12:44:05,368 INFO o.a.j.t.JMeterThread: Thread is done: Concurrent Users 1-35
2025-11-24 12:44:05,368 INFO o.a.j.t.JMeterThread: Thread finished: Concurrent Users 1-35
2025-11-24 12:44:05,430 INFO o.a.j.t.JMeterThread: Thread started: Concurrent Users 1-36
2025-11-24 12:44:05,462 INFO o.a.j.t.JMeterThread: Thread is done: Concurrent Users 1-36
2025-11-24 12:44:05,463 INFO o.a.j.t.JMeterThread: Thread finished: Concurrent Users 1-36
2025-11-24 12:44:05,532 INFO o.a.j.t.JMeterThread: Thread started: Concurrent Users 1-37
2025-11-24 12:44:05,579 INFO o.a.j.t.JMeterThread: Thread is done: Concurrent Users 1-37
2025-11-24 12:44:05,579 INFO o.a.j.t.JMeterThread: Thread finished: Concurrent Users 1-37
2025-11-24 12:44:05,634 INFO o.a.j.t.JMeterThread: Thread started: Concurrent Users 1-38
2025-11-24 12:44:05,677 INFO o.a.j.t.JMeterThread: Thread is done: Concurrent Users 1-38
2025-11-24 12:44:05,677 INFO o.a.j.t.JMeterThread: Thread finished: Concurrent Users 1-38
2025-11-24 12:44:05,733 INFO o.a.j.t.JMeterThread: Thread started: Concurrent Users 1-39
2025-11-24 12:44:05,763 INFO o.a.j.t.JMeterThread: Thread is done: Concurrent Users 1-39
2025-11-24 12:44:05,763 INFO o.a.j.t.JMeterThread: Thread finished: Concurrent Users 1-39
2025-11-24 12:44:05,832 INFO o.a.j.t.JMeterThread: Thread started: Concurrent Users 1-40
2025-11-24 12:44:05,864 INFO o.a.j.t.JMeterThread: Thread is done: Concurrent Users 1-40
2025-11-24 12:44:05,864 INFO o.a.j.t.JMeterThread: Thread finished: Concurrent Users 1-40
2025-11-24 12:44:05,933 INFO o.a.j.t.JMeterThread: Thread started: Concurrent Users 1-41
2025-11-24 12:44:05,968 INFO o.a.j.t.JMeterThread: Thread is done: Concurrent Users 1-41
2025-11-24 12:44:05,968 INFO o.a.j.t.JMeterThread: Thread finished: Concurrent Users 1-41
2025-11-24 12:44:06,030 INFO o.a.j.t.JMeterThread: Thread started: Concurrent Users 1-42
2025-11-24 12:44:06,068 INFO o.a.j.t.JMeterThread: Thread is done: Concurrent Users 1-42
2025-11-24 12:44:06,068 INFO o.a.j.t.JMeterThread: Thread finished: Concurrent Users 1-42
2025-11-24 12:44:06,128 INFO o.a.j.t.JMeterThread: Thread started: Concurrent Users 1-43
2025-11-24 12:44:06,144 INFO o.a.j.t.JMeterThread: Thread is done: Concurrent Users 1-43
2025-11-24 12:44:06,144 INFO o.a.j.t.JMeterThread: Thread finished: Concurrent Users 1-43
2025-11-24 12:44:06,229 INFO o.a.j.t.JMeterThread: Thread started: Concurrent Users 1-44
2025-11-24 12:44:06,255 INFO o.a.j.t.JMeterThread: Thread is done: Concurrent Users 1-44
2025-11-24 12:44:06,256 INFO o.a.j.t.JMeterThread: Thread finished: Concurrent Users 1-44
2025-11-24 12:44:06,332 INFO o.a.j.t.JMeterThread: Thread started: Concurrent Users 1-45
2025-11-24 12:44:06,364 INFO o.a.j.t.JMeterThread: Thread is done: Concurrent Users 1-45
2025-11-24 12:44:06,364 INFO o.a.j.t.JMeterThread: Thread finished: Concurrent Users 1-45
2025-11-24 12:44:06,430 INFO o.a.j.t.JMeterThread: Thread started: Concurrent Users 1-46
2025-11-24 12:44:06,466 INFO o.a.j.t.JMeterThread: Thread is done: Concurrent Users 1-46
2025-11-24 12:44:06,466 INFO o.a.j.t.JMeterThread: Thread finished: Concurrent Users 1-46
2025-11-24 12:44:06,532 INFO o.a.j.t.JMeterThread: Thread started: Concurrent Users 1-47
2025-11-24 12:44:06,564 INFO o.a.j.t.JMeterThread: Thread is done: Concurrent Users 1-47
2025-11-24 12:44:06,564 INFO o.a.j.t.JMeterThread: Thread finished: Concurrent Users 1-47
2025-11-24 12:44:06,631 INFO o.a.j.t.JMeterThread: Thread started: Concurrent Users 1-48
2025-11-24 12:44:06,661 INFO o.a.j.t.JMeterThread: Thread is done: Concurrent Users 1-48
2025-11-24 12:44:06,661 INFO o.a.j.t.JMeterThread: Thread finished: Concurrent Users 1-48
2025-11-24 12:44:06,728 INFO o.a.j.t.JMeterThread: Thread started: Concurrent Users 1-49
2025-11-24 12:44:06,753 INFO o.a.j.t.JMeterThread: Thread is done: Concurrent Users 1-49
2025-11-24 12:44:06,753 INFO o.a.j.t.JMeterThread: Thread finished: Concurrent Users 1-49
2025-11-24 12:44:06,832 INFO o.a.j.t.JMeterThread: Thread started: Concurrent Users 1-50
2025-11-24 12:44:06,857 INFO o.a.j.t.JMeterThread: Thread is done: Concurrent Users 1-50
2025-11-24 12:44:06,857 INFO o.a.j.t.JMeterThread: Thread finished: Concurrent Users 1-50
2025-11-24 12:44:06,933 INFO o.a.j.t.JMeterThread: Thread started: Concurrent Users 1-51
2025-11-24 12:44:06,953 INFO o.a.j.t.JMeterThread: Thread is done: Concurrent Users 1-51
2025-11-24 12:44:06,953 INFO o.a.j.t.JMeterThread: Thread finished: Concurrent Users 1-51
2025-11-24 12:44:07,032 INFO o.a.j.t.JMeterThread: Thread started: Concurrent Users 1-52
2025-11-24 12:44:07,050 INFO o.a.j.t.JMeterThread: Thread is done: Concurrent Users 1-52
2025-11-24 12:44:07,050 INFO o.a.j.t.JMeterThread: Thread finished: Concurrent Users 1-52
2025-11-24 12:44:07,128 INFO o.a.j.t.JMeterThread: Thread started: Concurrent Users 1-53
2025-11-24 12:44:07,152 INFO o.a.j.t.JMeterThread: Thread is done: Concurrent Users 1-53
2025-11-24 12:44:07,152 INFO o.a.j.t.JMeterThread: Thread finished: Concurrent Users 1-53
2025-11-24 12:44:07,228 INFO o.a.j.t.JMeterThread: Thread started: Concurrent Users 1-54
2025-11-24 12:44:07,251 INFO o.a.j.t.JMeterThread: Thread is done: Concurrent Users 1-54
2025-11-24 12:44:07,251 INFO o.a.j.t.JMeterThread: Thread finished: Concurrent Users 1-54
2025-11-24 12:44:07,332 INFO o.a.j.t.JMeterThread: Thread started: Concurrent Users 1-55
2025-11-24 12:44:07,358 INFO o.a.j.t.JMeterThread: Thread is done: Concurrent Users 1-55
2025-11-24 12:44:07,358 INFO o.a.j.t.JMeterThread: Thread finished: Concurrent Users 1-55
2025-11-24 12:44:07,429 INFO o.a.j.t.JMeterThread: Thread started: Concurrent Users 1-56
2025-11-24 12:44:07,457 INFO o.a.j.t.JMeterThread: Thread is done: Concurrent Users 1-56
2025-11-24 12:44:07,457 INFO o.a.j.t.JMeterThread: Thread finished: Concurrent Users 1-56
2025-11-24 12:44:07,530 INFO o.a.j.t.JMeterThread: Thread started: Concurrent Users 1-57
2025-11-24 12:44:07,546 INFO o.a.j.t.JMeterThread: Thread is done: Concurrent Users 1-57
2025-11-24 12:44:07,546 INFO o.a.j.t.JMeterThread: Thread finished: Concurrent Users 1-57
2025-11-24 12:44:07,632 INFO o.a.j.t.JMeterThread: Thread started: Concurrent Users 1-58
2025-11-24 12:44:07,647 INFO o.a.j.t.JMeterThread: Thread is done: Concurrent Users 1-58
2025-11-24 12:44:07,648 INFO o.a.j.t.JMeterThread: Thread finished: Concurrent Users 1-58
2025-11-24 12:44:07,730 INFO o.a.j.t.JMeterThread: Thread started: Concurrent Users 1-59
2025-11-24 12:44:07,747 INFO o.a.j.t.JMeterThread: Thread is done: Concurrent Users 1-59
2025-11-24 12:44:07,747 INFO o.a.j.t.JMeterThread: Thread finished: Concurrent Users 1-59
2025-11-24 12:44:07,831 INFO o.a.j.t.JMeterThread: Thread started: Concurrent Users 1-60
2025-11-24 12:44:07,862 INFO o.a.j.t.JMeterThread: Thread is done: Concurrent Users 1-60
2025-11-24 12:44:07,863 INFO o.a.j.t.JMeterThread: Thread finished: Concurrent Users 1-60
2025-11-24 12:44:07,930 INFO o.a.j.t.JMeterThread: Thread started: Concurrent Users 1-61
2025-11-24 12:44:07,947 INFO o.a.j.t.JMeterThread: Thread is done: Concurrent Users 1-61
2025-11-24 12:44:07,947 INFO o.a.j.t.JMeterThread: Thread finished: Concurrent Users 1-61
2025-11-24 12:44:08,030 INFO o.a.j.t.JMeterThread: Thread started: Concurrent Users 1-62
2025-11-24 12:44:08,042 INFO o.a.j.t.JMeterThread: Thread is done: Concurrent Users 1-62
2025-11-24 12:44:08,042 INFO o.a.j.t.JMeterThread: Thread finished: Concurrent Users 1-62
2025-11-24 12:44:08,128 INFO o.a.j.t.JMeterThread: Thread started: Concurrent Users 1-63
2025-11-24 12:44:08,146 INFO o.a.j.t.JMeterThread: Thread is done: Concurrent Users 1-63
2025-11-24 12:44:08,146 INFO o.a.j.t.JMeterThread: Thread finished: Concurrent Users 1-63
2025-11-24 12:44:08,228 INFO o.a.j.t.JMeterThread: Thread started: Concurrent Users 1-64
2025-11-24 12:44:08,249 INFO o.a.j.t.JMeterThread: Thread is done: Concurrent Users 1-64
2025-11-24 12:44:08,249 INFO o.a.j.t.JMeterThread: Thread finished: Concurrent Users 1-64
2025-11-24 12:44:08,331 INFO o.a.j.t.JMeterThread: Thread started: Concurrent Users 1-65
2025-11-24 12:44:08,344 INFO o.a.j.t.JMeterThread: Thread is done: Concurrent Users 1-65
2025-11-24 12:44:08,344 INFO o.a.j.t.JMeterThread: Thread finished: Concurrent Users 1-65
2025-11-24 12:44:08,431 INFO o.a.j.t.JMeterThread: Thread started: Concurrent Users 1-66
2025-11-24 12:44:08,446 INFO o.a.j.t.JMeterThread: Thread is done: Concurrent Users 1-66
2025-11-24 12:44:08,446 INFO o.a.j.t.JMeterThread: Thread finished: Concurrent Users 1-66
2025-11-24 12:44:08,532 INFO o.a.j.t.JMeterThread: Thread started: Concurrent Users 1-67
2025-11-24 12:44:08,547 INFO o.a.j.t.JMeterThread: Thread is done: Concurrent Users 1-67
2025-11-24 12:44:08,547 INFO o.a.j.t.JMeterThread: Thread finished: Concurrent Users 1-67
2025-11-24 12:44:08,632 INFO o.a.j.t.JMeterThread: Thread started: Concurrent Users 1-68
2025-11-24 12:44:08,648 INFO o.a.j.t.JMeterThread: Thread is done: Concurrent Users 1-68
2025-11-24 12:44:08,648 INFO o.a.j.t.JMeterThread: Thread finished: Concurrent Users 1-68
2025-11-24 12:44:08,728 INFO o.a.j.t.JMeterThread: Thread started: Concurrent Users 1-69
2025-11-24 12:44:08,753 INFO o.a.j.t.JMeterThread: Thread is done: Concurrent Users 1-69
2025-11-24 12:44:08,754 INFO o.a.j.t.JMeterThread: Thread finished: Concurrent Users 1-69
2025-11-24 12:44:08,832 INFO o.a.j.t.JMeterThread: Thread started: Concurrent Users 1-70
2025-11-24 12:44:08,848 INFO o.a.j.t.JMeterThread: Thread is done: Concurrent Users 1-70
2025-11-24 12:44:08,848 INFO o.a.j.t.JMeterThread: Thread finished: Concurrent Users 1-70
2025-11-24 12:44:08,930 INFO o.a.j.t.JMeterThread: Thread started: Concurrent Users 1-71
2025-11-24 12:44:08,956 INFO o.a.j.t.JMeterThread: Thread is done: Concurrent Users 1-71
2025-11-24 12:44:08,956 INFO o.a.j.t.JMeterThread: Thread finished: Concurrent Users 1-71
2025-11-24 12:44:09,028 INFO o.a.j.t.JMeterThread: Thread started: Concurrent Users 1-72
2025-11-24 12:44:09,049 INFO o.a.j.t.JMeterThread: Thread is done: Concurrent Users 1-72
2025-11-24 12:44:09,049 INFO o.a.j.t.JMeterThread: Thread finished: Concurrent Users 1-72
2025-11-24 12:44:09,130 INFO o.a.j.t.JMeterThread: Thread started: Concurrent Users 1-73
2025-11-24 12:44:09,158 INFO o.a.j.t.JMeterThread: Thread is done: Concurrent Users 1-73
2025-11-24 12:44:09,158 INFO o.a.j.t.JMeterThread: Thread finished: Concurrent Users 1-73
2025-11-24 12:44:09,231 INFO o.a.j.t.JMeterThread: Thread started: Concurrent Users 1-74
2025-11-24 12:44:09,247 INFO o.a.j.t.JMeterThread: Thread is done: Concurrent Users 1-74
2025-11-24 12:44:09,247 INFO o.a.j.t.JMeterThread: Thread finished: Concurrent Users 1-74
2025-11-24 12:44:09,331 INFO o.a.j.t.JMeterThread: Thread started: Concurrent Users 1-75
2025-11-24 12:44:09,348 INFO o.a.j.t.JMeterThread: Thread is done: Concurrent Users 1-75
2025-11-24 12:44:09,348 INFO o.a.j.t.JMeterThread: Thread finished: Concurrent Users 1-75
2025-11-24 12:44:09,428 INFO o.a.j.t.JMeterThread: Thread started: Concurrent Users 1-76
2025-11-24 12:44:09,453 INFO o.a.j.t.JMeterThread: Thread is done: Concurrent Users 1-76
2025-11-24 12:44:09,454 INFO o.a.j.t.JMeterThread: Thread finished: Concurrent Users 1-76
2025-11-24 12:44:09,529 INFO o.a.j.t.JMeterThread: Thread started: Concurrent Users 1-77
2025-11-24 12:44:09,557 INFO o.a.j.t.JMeterThread: Thread is done: Concurrent Users 1-77
2025-11-24 12:44:09,557 INFO o.a.j.t.JMeterThread: Thread finished: Concurrent Users 1-77
2025-11-24 12:44:09,632 INFO o.a.j.t.JMeterThread: Thread started: Concurrent Users 1-78
2025-11-24 12:44:09,663 INFO o.a.j.t.JMeterThread: Thread is done: Concurrent Users 1-78
2025-11-24 12:44:09,663 INFO o.a.j.t.JMeterThread: Thread finished: Concurrent Users 1-78
2025-11-24 12:44:09,732 INFO o.a.j.t.JMeterThread: Thread started: Concurrent Users 1-79
2025-11-24 12:44:09,760 INFO o.a.j.t.JMeterThread: Thread is done: Concurrent Users 1-79
2025-11-24 12:44:09,760 INFO o.a.j.t.JMeterThread: Thread finished: Concurrent Users 1-79
2025-11-24 12:44:09,827 INFO o.a.j.t.JMeterThread: Thread started: Concurrent Users 1-80
2025-11-24 12:44:09,856 INFO o.a.j.t.JMeterThread: Thread is done: Concurrent Users 1-80
2025-11-24 12:44:09,856 INFO o.a.j.t.JMeterThread: Thread finished: Concurrent Users 1-80
2025-11-24 12:44:09,930 INFO o.a.j.t.JMeterThread: Thread started: Concurrent Users 1-81
2025-11-24 12:44:09,945 INFO o.a.j.t.JMeterThread: Thread is done: Concurrent Users 1-81
2025-11-24 12:44:09,946 INFO o.a.j.t.JMeterThread: Thread finished: Concurrent Users 1-81
2025-11-24 12:44:10,032 INFO o.a.j.t.JMeterThread: Thread started: Concurrent Users 1-82
2025-11-24 12:44:10,053 INFO o.a.j.t.JMeterThread: Thread is done: Concurrent Users 1-82
2025-11-24 12:44:10,053 INFO o.a.j.t.JMeterThread: Thread finished: Concurrent Users 1-82
2025-11-24 12:44:10,133 INFO o.a.j.t.JMeterThread: Thread started: Concurrent Users 1-83
2025-11-24 12:44:10,160 INFO o.a.j.t.JMeterThread: Thread is done: Concurrent Users 1-83
2025-11-24 12:44:10,160 INFO o.a.j.t.JMeterThread: Thread finished: Concurrent Users 1-83
2025-11-24 12:44:10,232 INFO o.a.j.t.JMeterThread: Thread started: Concurrent Users 1-84
2025-11-24 12:44:10,249 INFO o.a.j.t.JMeterThread: Thread is done: Concurrent Users 1-84
2025-11-24 12:44:10,249 INFO o.a.j.t.JMeterThread: Thread finished: Concurrent Users 1-84
2025-11-24 12:44:10,332 INFO o.a.j.t.JMeterThread: Thread started: Concurrent Users 1-85
2025-11-24 12:44:10,359 INFO o.a.j.t.JMeterThread: Thread is done: Concurrent Users 1-85
2025-11-24 12:44:10,359 INFO o.a.j.t.JMeterThread: Thread finished: Concurrent Users 1-85
2025-11-24 12:44:10,437 INFO o.a.j.t.JMeterThread: Thread started: Concurrent Users 1-86
2025-11-24 12:44:10,462 INFO o.a.j.t.JMeterThread: Thread is done: Concurrent Users 1-86
2025-11-24 12:44:10,462 INFO o.a.j.t.JMeterThread: Thread finished: Concurrent Users 1-86
2025-11-24 12:44:10,531 INFO o.a.j.t.JMeterThread: Thread started: Concurrent Users 1-87
2025-11-24 12:44:10,550 INFO o.a.j.t.JMeterThread: Thread is done: Concurrent Users 1-87
2025-11-24 12:44:10,550 INFO o.a.j.t.JMeterThread: Thread finished: Concurrent Users 1-87
2025-11-24 12:44:10,632 INFO o.a.j.t.JMeterThread: Thread started: Concurrent Users 1-88
2025-11-24 12:44:10,655 INFO o.a.j.t.JMeterThread: Thread is done: Concurrent Users 1-88
2025-11-24 12:44:10,656 INFO o.a.j.t.JMeterThread: Thread finished: Concurrent Users 1-88
2025-11-24 12:44:10,731 INFO o.a.j.t.JMeterThread: Thread started: Concurrent Users 1-89
2025-11-24 12:44:10,761 INFO o.a.j.t.JMeterThread: Thread is done: Concurrent Users 1-89
2025-11-24 12:44:10,761 INFO o.a.j.t.JMeterThread: Thread finished: Concurrent Users 1-89
2025-11-24 12:44:10,833 INFO o.a.j.t.JMeterThread: Thread started: Concurrent Users 1-90
2025-11-24 12:44:10,859 INFO o.a.j.t.JMeterThread: Thread is done: Concurrent Users 1-90
2025-11-24 12:44:10,859 INFO o.a.j.t.JMeterThread: Thread finished: Concurrent Users 1-90
2025-11-24 12:44:10,932 INFO o.a.j.t.JMeterThread: Thread started: Concurrent Users 1-91
2025-11-24 12:44:10,950 INFO o.a.j.t.JMeterThread: Thread is done: Concurrent Users 1-91
2025-11-24 12:44:10,951 INFO o.a.j.t.JMeterThread: Thread finished: Concurrent Users 1-91
2025-11-24 12:44:11,032 INFO o.a.j.t.JMeterThread: Thread started: Concurrent Users 1-92
2025-11-24 12:44:11,054 INFO o.a.j.t.JMeterThread: Thread is done: Concurrent Users 1-92
2025-11-24 12:44:11,055 INFO o.a.j.t.JMeterThread: Thread finished: Concurrent Users 1-92
2025-11-24 12:44:11,130 INFO o.a.j.t.JMeterThread: Thread started: Concurrent Users 1-93
2025-11-24 12:44:11,155 INFO o.a.j.t.JMeterThread: Thread is done: Concurrent Users 1-93
2025-11-24 12:44:11,155 INFO o.a.j.t.JMeterThread: Thread finished: Concurrent Users 1-93
2025-11-24 12:44:11,227 INFO o.a.j.t.JMeterThread: Thread started: Concurrent Users 1-94
2025-11-24 12:44:11,255 INFO o.a.j.t.JMeterThread: Thread is done: Concurrent Users 1-94
2025-11-24 12:44:11,255 INFO o.a.j.t.JMeterThread: Thread finished: Concurrent Users 1-94
2025-11-24 12:44:11,330 INFO o.a.j.t.JMeterThread: Thread started: Concurrent Users 1-95
2025-11-24 12:44:11,348 INFO o.a.j.t.JMeterThread: Thread is done: Concurrent Users 1-95
2025-11-24 12:44:11,349 INFO o.a.j.t.JMeterThread: Thread finished: Concurrent Users 1-95
2025-11-24 12:44:11,430 INFO o.a.j.t.JMeterThread: Thread started: Concurrent Users 1-96
2025-11-24 12:44:11,449 INFO o.a.j.t.JMeterThread: Thread is done: Concurrent Users 1-96
2025-11-24 12:44:11,449 INFO o.a.j.t.JMeterThread: Thread finished: Concurrent Users 1-96
2025-11-24 12:44:11,533 INFO o.a.j.t.JMeterThread: Thread started: Concurrent Users 1-97
2025-11-24 12:44:11,563 INFO o.a.j.t.JMeterThread: Thread is done: Concurrent Users 1-97
2025-11-24 12:44:11,563 INFO o.a.j.t.JMeterThread: Thread finished: Concurrent Users 1-97
2025-11-24 12:44:11,633 INFO o.a.j.t.JMeterThread: Thread started: Concurrent Users 1-98
2025-11-24 12:44:11,660 INFO o.a.j.t.JMeterThread: Thread is done: Concurrent Users 1-98
2025-11-24 12:44:11,660 INFO o.a.j.t.JMeterThread: Thread finished: Concurrent Users 1-98
2025-11-24 12:44:11,730 INFO o.a.j.t.JMeterThread: Thread started: Concurrent Users 1-99
2025-11-24 12:44:11,753 INFO o.a.j.t.JMeterThread: Thread is done: Concurrent Users 1-99
2025-11-24 12:44:11,753 INFO o.a.j.t.JMeterThread: Thread finished: Concurrent Users 1-99
2025-11-24 12:44:11,832 INFO o.a.j.t.JMeterThread: Thread started: Concurrent Users 1-100
2025-11-24 12:44:11,869 INFO o.a.j.t.JMeterThread: Thread is done: Concurrent Users 1-100
2025-11-24 12:44:11,870 INFO o.a.j.t.JMeterThread: Thread finished: Concurrent Users 1-100
2025-11-24 12:44:11,871 INFO o.a.j.e.StandardJMeterEngine: Notifying test listeners of end of test
2025-11-24 12:44:11,872 INFO o.a.j.r.Summariser: summary +     99 in 00:00:10 =   10.1/s Avg:    22 Min:    11 Max:    42 Err:     0 (0.00%) Active: 0 Started: 100 Finished: 100
2025-11-24 12:44:11,873 INFO o.a.j.r.Summariser: summary =    100 in 00:00:10 =   10.0/s Avg:    22 Min:    11 Max:    50 Err:     0 (0.00%)
2025-11-24 12:44:11,873 INFO o.a.j.JMeter: Generating Dashboard
2025-11-24 12:44:11,873 INFO o.a.j.r.d.ReportGenerator: Flushing result collector before report Generation
2025-11-24 12:44:11,887 INFO o.a.j.r.p.NormalizerSampleConsumer: Using format, 'ms', to parse timeStamp field
2025-11-24 12:44:11,933 INFO o.a.j.r.p.AbstractSampleConsumer: class org.apache.jmeter.report.processor.AggregateConsumer#stopProducing(): beginDate produced 0 samples
2025-11-24 12:44:11,933 INFO o.a.j.r.p.AbstractSampleConsumer: class org.apache.jmeter.report.processor.AggregateConsumer#stopProducing(): endDate produced 0 samples
2025-11-24 12:44:11,934 INFO o.a.j.r.p.AbstractSampleConsumer: class org.apache.jmeter.report.processor.ApdexSummaryConsumer#stopProducing(): apdexSummary produced 0 samples
2025-11-24 12:44:11,934 INFO o.a.j.r.p.AbstractSampleConsumer: class org.apache.jmeter.report.processor.RequestsSummaryConsumer#stopProducing(): requestsSummary produced 0 samples
2025-11-24 12:44:11,937 INFO o.a.j.r.p.AbstractSampleConsumer: class org.apache.jmeter.report.processor.StatisticsSummaryConsumer#stopProducing(): statisticsSummary produced 0 samples
2025-11-24 12:44:11,938 INFO o.a.j.r.p.AbstractSampleConsumer: class org.apache.jmeter.report.processor.Top5ErrorsBySamplerConsumer#stopProducing(): top5ErrorsBySampler produced 0 samples
2025-11-24 12:44:11,938 INFO o.a.j.r.p.AbstractSampleConsumer: class org.apache.jmeter.report.processor.ErrorsSummaryConsumer#stopProducing(): errorsSummary produced 0 samples
2025-11-24 12:44:11,938 INFO o.a.j.r.p.AbstractSampleConsumer: class org.apache.jmeter.report.processor.graph.impl.HitsPerSecondGraphConsumer#stopProducing(): hitsPerSecond produced 0 samples
2025-11-24 12:44:11,947 INFO o.a.j.r.p.AbstractSampleConsumer: class org.apache.jmeter.report.processor.graph.impl.LatencyVSRequestGraphConsumer#stopProducing(): latencyVsRequest produced 0 samples
2025-11-24 12:44:11,947 INFO o.a.j.r.p.AbstractSampleConsumer: class org.apache.jmeter.report.processor.graph.impl.SyntheticResponseTimeDistributionGraphConsumer#stopProducing(): syntheticResponseTimeDistribution produced 0 samples
2025-11-24 12:44:11,947 INFO o.a.j.r.p.AbstractSampleConsumer: class org.apache.jmeter.report.processor.graph.impl.BytesThroughputGraphConsumer#stopProducing(): bytesThroughputOverTime produced 0 samples
2025-11-24 12:44:11,947 INFO o.a.j.r.p.AbstractSampleConsumer: class org.apache.jmeter.report.processor.graph.impl.CodesPerSecondGraphConsumer#stopProducing(): codesPerSecond produced 0 samples
2025-11-24 12:44:11,949 INFO o.a.j.r.p.AbstractSampleConsumer: class org.apache.jmeter.report.processor.graph.impl.ResponseTimeVSRequestGraphConsumer#stopProducing(): responseTimeVsRequest produced 0 samples
2025-11-24 12:44:11,949 INFO o.a.j.r.p.AbstractSampleConsumer: class org.apache.jmeter.report.processor.FilterConsumer#stopProducing(): startIntervalControlerFilter produced 700 samples
2025-11-24 12:44:11,949 INFO o.a.j.r.p.AbstractSampleConsumer: class org.apache.jmeter.report.processor.graph.impl.TotalTPSGraphConsumer#stopProducing(): totalTPS produced 0 samples
2025-11-24 12:44:11,950 INFO o.a.j.r.p.AbstractSampleConsumer: class org.apache.jmeter.report.processor.graph.impl.ActiveThreadsGraphConsumer#stopProducing(): activeThreadsOverTime produced 0 samples
2025-11-24 12:44:11,950 INFO o.a.j.r.p.AbstractSampleConsumer: class org.apache.jmeter.report.processor.graph.impl.TimeVSThreadGraphConsumer#stopProducing(): timeVsThreads produced 0 samples
2025-11-24 12:44:11,950 INFO o.a.j.r.p.AbstractSampleConsumer: class org.apache.jmeter.report.processor.graph.impl.ResponseTimeDistributionGraphConsumer#stopProducing(): responseTimeDistribution produced 0 samples
2025-11-24 12:44:11,950 INFO o.a.j.r.p.AbstractSampleConsumer: class org.apache.jmeter.report.processor.graph.impl.TransactionsPerSecondGraphConsumer#stopProducing(): transactionsPerSecond produced 0 samples
2025-11-24 12:44:11,950 INFO o.a.j.r.p.AbstractSampleConsumer: class org.apache.jmeter.report.processor.graph.impl.ResponseTimePercentilesGraphConsumer#stopProducing(): responseTimePercentiles produced 0 samples
2025-11-24 12:44:11,950 INFO o.a.j.r.p.AbstractSampleConsumer: class org.apache.jmeter.report.processor.graph.impl.ResponseTimePercentilesOverTimeGraphConsumer#stopProducing(): responseTimePercentilesOverTime produced 0 samples
2025-11-24 12:44:11,950 INFO o.a.j.r.p.AbstractSampleConsumer: class org.apache.jmeter.report.processor.graph.impl.ResponseTimeOverTimeGraphConsumer#stopProducing(): responseTimesOverTime produced 0 samples
2025-11-24 12:44:11,950 INFO o.a.j.r.p.AbstractSampleConsumer: class org.apache.jmeter.report.processor.graph.impl.ConnectTimeOverTimeGraphConsumer#stopProducing(): connectTimeOverTime produced 0 samples
2025-11-24 12:44:11,950 INFO o.a.j.r.p.AbstractSampleConsumer: class org.apache.jmeter.report.processor.graph.impl.LatencyOverTimeGraphConsumer#stopProducing(): latenciesOverTime produced 0 samples
2025-11-24 12:44:11,950 INFO o.a.j.r.p.AbstractSampleConsumer: class org.apache.jmeter.report.processor.FilterConsumer#stopProducing(): nameFilter produced 1500 samples
2025-11-24 12:44:11,950 INFO o.a.j.r.p.AbstractSampleConsumer: class org.apache.jmeter.report.processor.FilterConsumer#stopProducing(): dateRangeFilter produced 300 samples
2025-11-24 12:44:11,950 INFO o.a.j.r.p.AbstractSampleConsumer: class org.apache.jmeter.report.processor.NormalizerSampleConsumer#stopProducing(): normalizer produced 100 samples
2025-11-24 12:44:11,951 INFO o.a.j.r.p.CsvFileSampleSource: produce(): 100 samples produced in 47ms on channel 0
2025-11-24 12:44:11,951 INFO o.a.j.r.d.ReportGenerator: Exporting data using exporter:'json' of className:'org.apache.jmeter.report.dashboard.JsonExporter'
2025-11-24 12:44:11,996 INFO o.a.j.r.d.JsonExporter: Found data for consumer statisticsSummary in context
2025-11-24 12:44:11,997 INFO o.a.j.r.d.JsonExporter: Creating statistics for overall
2025-11-24 12:44:11,997 INFO o.a.j.r.d.JsonExporter: Creating statistics for other transactions
2025-11-24 12:44:11,997 INFO o.a.j.r.d.JsonExporter: Checking output folder
2025-11-24 12:44:11,997 INFO o.a.j.r.d.JsonExporter: Writing statistics JSON to /Users/jsb/hanghe-plus/ecommerce/docs/week5/verification/jmeter/reports/after/balance-charge/statistics.json
2025-11-24 12:44:12,019 INFO o.a.j.r.d.ReportGenerator: Exporting data using exporter:'html' of className:'org.apache.jmeter.report.dashboard.HtmlTemplateExporter'
2025-11-24 12:44:12,020 INFO o.a.j.r.d.HtmlTemplateExporter: Will generate dashboard in folder: /Users/jsb/hanghe-plus/ecommerce/docs/week5/verification/jmeter/reports/after/balance-charge
2025-11-24 12:44:12,079 INFO o.a.j.r.d.HtmlTemplateExporter: Report will be generated in: /Users/jsb/hanghe-plus/ecommerce/docs/week5/verification/jmeter/reports/after/balance-charge, creating folder structure
2025-11-24 12:44:12,080 INFO o.a.j.r.d.TemplateVisitor: Copying folder from '/opt/homebrew/Cellar/jmeter/5.6.3/libexec/bin/report-template' to '/Users/jsb/hanghe-plus/ecommerce/docs/week5/verification/jmeter/reports/after/balance-charge', got message: /Users/jsb/hanghe-plus/ecommerce/docs/week5/verification/jmeter/reports/after/balance-charge, found non empty folder with following content [/Users/jsb/hanghe-plus/ecommerce/docs/week5/verification/jmeter/reports/after/balance-charge/statistics.json], will be ignored
2025-11-24 12:44:12,253 INFO o.a.j.JMeter: Dashboard generated
