2025-11-24 13:01:16,149 INFO o.a.j.u.JMeterUtils: Setting Locale to en_EN
2025-11-24 13:01:16,163 INFO o.a.j.JMeter: Loading user properties from: /opt/homebrew/Cellar/jmeter/5.6.3/libexec/bin/user.properties
2025-11-24 13:01:16,164 INFO o.a.j.JMeter: Loading system properties from: /opt/homebrew/Cellar/jmeter/5.6.3/libexec/bin/system.properties
2025-11-24 13:01:16,167 INFO o.a.j.JMeter: Copyright (c) 1998-2024 The Apache Software Foundation
2025-11-24 13:01:16,167 INFO o.a.j.JMeter: Version 5.6.3
2025-11-24 13:01:16,167 INFO o.a.j.JMeter: java.version=21.0.9
2025-11-24 13:01:16,168 INFO o.a.j.JMeter: java.vm.name=OpenJDK 64-Bit Server VM
2025-11-24 13:01:16,168 INFO o.a.j.JMeter: os.name=Mac OS X
2025-11-24 13:01:16,168 INFO o.a.j.JMeter: os.arch=aarch64
2025-11-24 13:01:16,168 INFO o.a.j.JMeter: os.version=15.6.1
2025-11-24 13:01:16,168 INFO o.a.j.JMeter: file.encoding=UTF-8
2025-11-24 13:01:16,168 INFO o.a.j.JMeter: java.awt.headless=true
2025-11-24 13:01:16,168 INFO o.a.j.JMeter: Max memory     =1073741824
2025-11-24 13:01:16,168 INFO o.a.j.JMeter: Available Processors =8
2025-11-24 13:01:16,174 INFO o.a.j.JMeter: Default Locale=English (EN)
2025-11-24 13:01:16,174 INFO o.a.j.JMeter: JMeter  Locale=English (EN)
2025-11-24 13:01:16,174 INFO o.a.j.JMeter: JMeterHome=/opt/homebrew/Cellar/jmeter/5.6.3/libexec
2025-11-24 13:01:16,174 INFO o.a.j.JMeter: user.dir  =/Users/jsb/hanghe-plus/ecommerce
2025-11-24 13:01:16,174 INFO o.a.j.JMeter: PWD       =/Users/jsb/hanghe-plus/ecommerce
2025-11-24 13:01:16,176 INFO o.a.j.JMeter: IP: 127.0.0.1 Name: bakjisuui-MacBookPro.local FullName: localhost
2025-11-24 13:01:16,184 ERROR o.a.j.JMeter: An error occurred: 
java.lang.IllegalArgumentException: Cannot write to '/Users/jsb/hanghe-plus/ecommerce/reports/multi-users' as folder does not exist and parent folder is not writable
	at org.apache.jorphan.util.JOrphanUtils.canSafelyWriteToFolder(JOrphanUtils.java:672) ~[jorphan.jar:5.6.3]
	at org.apache.jorphan.util.JOrphanUtils.canSafelyWriteToFolder(JOrphanUtils.java:620) ~[jorphan.jar:5.6.3]
	at org.apache.jmeter.JMeter.extractAndSetReportOutputFolder(JMeter.java:542) ~[ApacheJMeter_core.jar:5.6.3]
	at org.apache.jmeter.JMeter.start(JMeter.java:492) [ApacheJMeter_core.jar:5.6.3]
	at java.base/jdk.internal.reflect.DirectMethodHandleAccessor.invoke(DirectMethodHandleAccessor.java:103) ~[?:?]
	at java.base/java.lang.reflect.Method.invoke(Method.java:580) ~[?:?]
	at org.apache.jmeter.NewDriver.main(NewDriver.java:259) [ApacheJMeter.jar:5.6.3]
